<?xml version="1.0" encoding="UTF-8"?>
<!-- Generated by org.testng.reporters.JUnitXMLReporter -->
<testsuite ignored="0" hostname="DESKTOP-GLDRG60" failures="1" tests="1" name="nopcommerce_Test(failed)" time="16.618" errors="0" timestamp="2023-01-24T14:44:33 IST">
  <testcase classname="opencart_io_testCases.TC_002_LoginTest" name="test_Login" time="11.551">
    <failure type="java.lang.AssertionError" message="null">
      <![CDATA[java.lang.AssertionError: null
at opencart_io_testCases.TC_002_LoginTest.test_Login(TC_002_LoginTest.java:45)
at java.base/java.util.ArrayList.forEach(ArrayList.java:1511)
... Removed 29 stack frames]]>
    </failure>
  </testcase> <!-- test_Login -->
</testsuite> <!-- nopcommerce_Test(failed) -->
